[debug] [2021-03-04T22:16:38.965Z] ----------------------------------------------------------------------
[debug] [2021-03-04T22:16:38.968Z] Command:       /usr/bin/node /usr/local/bin/firebase emulators:start
[debug] [2021-03-04T22:16:38.968Z] CLI Version:   9.5.0
[debug] [2021-03-04T22:16:38.968Z] Platform:      linux
[debug] [2021-03-04T22:16:38.968Z] Node Version:  v10.19.0
[debug] [2021-03-04T22:16:38.969Z] Time:          Fri Mar 05 2021 00:16:38 GMT+0200 (Eastern European Standard Time)
[debug] [2021-03-04T22:16:38.969Z] ----------------------------------------------------------------------
[debug] [2021-03-04T22:16:38.969Z] 
[debug] [2021-03-04T22:16:38.978Z] > command requires scopes: ["email","openid","https://www.googleapis.com/auth/cloudplatformprojects.readonly","https://www.googleapis.com/auth/firebase","https://www.googleapis.com/auth/cloud-platform"]
[debug] [2021-03-04T22:16:38.978Z] > authorizing via signed-in user
[info] i  emulators: Starting emulators: functions, hosting {"metadata":{"emulator":{"name":"hub"},"message":"Starting emulators: functions, hosting"}}
[debug] [2021-03-04T22:16:39.015Z] [hub] writing locator at /tmp/hub-challenge-77580.json
[warn] ⚠  functions: The following emulators are not running, calls to these services from the Functions emulator will affect production: auth, firestore, database, pubsub {"metadata":{"emulator":{"name":"functions"},"message":"The following emulators are not running, calls to these services from the Functions emulator will affect production: \u001b[1mauth, firestore, database, pubsub\u001b[22m"}}
[warn] ⚠  Your requested "node" version "12" doesn't match your global version "10" {"metadata":{"emulator":{"name":"functions"},"message":"Your requested \"node\" version \"12\" doesn't match your global version \"10\""}}
[debug] [2021-03-04T22:16:39.067Z] defaultcredentials: writing to file /home/tom/.config/firebase/mr_fouad992_gmail.com_application_default_credentials.json
[debug] [2021-03-04T22:16:39.070Z] Setting GAC to /home/tom/.config/firebase/mr_fouad992_gmail.com_application_default_credentials.json {"metadata":{"emulator":{"name":"functions"},"message":"Setting GAC to /home/tom/.config/firebase/mr_fouad992_gmail.com_application_default_credentials.json"}}
[debug] [2021-03-04T22:16:39.075Z] >>> [apiv2][query] GET https://firebase.googleapis.com/v1beta1/projects/challenge-77580/adminSdkConfig [none]
[debug] [2021-03-04T22:16:40.780Z] <<< [apiv2][status] GET https://firebase.googleapis.com/v1beta1/projects/challenge-77580/adminSdkConfig 200
[debug] [2021-03-04T22:16:40.780Z] <<< [apiv2][body] GET https://firebase.googleapis.com/v1beta1/projects/challenge-77580/adminSdkConfig {"projectId":"challenge-77580","storageBucket":"challenge-77580.appspot.com"}
[debug] [2021-03-04T22:16:40.800Z] >>> [apiv2][query] GET https://firebase.googleapis.com/v1beta1/projects/challenge-77580/webApps/-/config [none]
[debug] [2021-03-04T22:16:42.757Z] <<< [apiv2][status] GET https://firebase.googleapis.com/v1beta1/projects/challenge-77580/webApps/-/config 200
[debug] [2021-03-04T22:16:42.757Z] <<< [apiv2][body] GET https://firebase.googleapis.com/v1beta1/projects/challenge-77580/webApps/-/config {"projectId":"challenge-77580","appId":"1:535202693569:web:e3b7c1e87bae8d4def6f40","storageBucket":"challenge-77580.appspot.com","apiKey":"AIzaSyBhCPHFWRMXRhngKc5kPIPkji53YOSbVGM","authDomain":"challenge-77580.firebaseapp.com","messagingSenderId":"535202693569","measurementId":"G-X4P0FZK9RX"}
[info] i  hosting: Serving hosting files from: build {"metadata":{"emulator":{"name":"hosting"},"message":"Serving hosting files from: \u001b[1mbuild\u001b[22m"}}
[info] ✔  hosting: Local server: http://localhost:5000 {"metadata":{"emulator":{"name":"hosting"},"message":"Local server: \u001b[4m\u001b[1mhttp://localhost:5000\u001b[22m\u001b[24m"}}
[debug] [2021-03-04T22:16:42.788Z] Ignoring unsupported arg: auto_download {"metadata":{"emulator":{"name":"ui"},"message":"Ignoring unsupported arg: auto_download"}}
[debug] [2021-03-04T22:16:42.788Z] Ignoring unsupported arg: port {"metadata":{"emulator":{"name":"ui"},"message":"Ignoring unsupported arg: port"}}
[debug] [2021-03-04T22:16:42.788Z] Starting Emulator UI with command {"binary":"node","args":["/home/tom/.cache/firebase/emulators/ui-v1.4.2/server.bundle.js"],"optionalArgs":[],"joinArgs":false} {"metadata":{"emulator":{"name":"ui"},"message":"Starting Emulator UI with command {\"binary\":\"node\",\"args\":[\"/home/tom/.cache/firebase/emulators/ui-v1.4.2/server.bundle.js\"],\"optionalArgs\":[],\"joinArgs\":false}"}}
[info] i  ui: Emulator UI logging to ui-debug.log {"metadata":{"emulator":{"name":"ui"},"message":"Emulator UI logging to \u001b[1mui-debug.log\u001b[22m"}}
[debug] [2021-03-04T22:16:43.357Z] Web / API server started at http://localhost:4000
 {"metadata":{"emulator":{"name":"ui"},"message":"Web / API server started at http://localhost:4000\n"}}
[info] i  functions: Watching "/home/tom/Programming/Amazon_clone/functions" for Cloud Functions... {"metadata":{"emulator":{"name":"functions"},"message":"Watching \"/home/tom/Programming/Amazon_clone/functions\" for Cloud Functions..."}}
[debug] [2021-03-04T22:16:43.576Z] [worker-pool] addWorker(~diagnostic~) {"metadata":{"emulator":{"name":"functions"},"message":"[worker-pool] addWorker(~diagnostic~)"}}
[debug] [2021-03-04T22:16:43.576Z] [worker-pool] Adding worker with key ~diagnostic~, total=1 {"metadata":{"emulator":{"name":"functions"},"message":"[worker-pool] Adding worker with key ~diagnostic~, total=1"}}
[debug] [2021-03-04T22:16:43.576Z] [worker-pool] submitWork(triggerId=) {"metadata":{"emulator":{"name":"functions"},"message":"[worker-pool] submitWork(triggerId=)"}}
[debug] [2021-03-04T22:16:43.577Z] [worker-~diagnostic~-c444b1b0-b52d-4877-afa0-a7a316ef2c58]: Assigning socketPath: /tmp/fire_emu_21637.sock {"metadata":{"emulator":{"name":"functions"},"message":"[worker-~diagnostic~-c444b1b0-b52d-4877-afa0-a7a316ef2c58]: Assigning socketPath: /tmp/fire_emu_21637.sock"}}
[debug] [2021-03-04T22:16:43.577Z] [worker-~diagnostic~-c444b1b0-b52d-4877-afa0-a7a316ef2c58]: BUSY {"metadata":{"emulator":{"name":"functions"},"message":"[worker-~diagnostic~-c444b1b0-b52d-4877-afa0-a7a316ef2c58]: BUSY"}}
[debug] [2021-03-04T22:16:44.155Z] [runtime-status] [21637] Functions runtime initialized. {"cwd":"/home/tom/Programming/Amazon_clone/functions","node_version":"10.19.0"} {"metadata":{"emulator":{"name":"functions"},"message":"[runtime-status] [21637] Functions runtime initialized. {\"cwd\":\"/home/tom/Programming/Amazon_clone/functions\",\"node_version\":\"10.19.0\"}"}}
[debug] [2021-03-04T22:16:44.157Z] [runtime-status] [21637] Disabled runtime features: undefined {"metadata":{"emulator":{"name":"functions"},"message":"[runtime-status] [21637] Disabled runtime features: undefined"}}
[debug] [2021-03-04T22:16:44.161Z] [runtime-status] [21637] Resolved module firebase-admin {"declared":true,"installed":true,"version":"9.5.0","resolution":"/home/tom/Programming/Amazon_clone/functions/node_modules/firebase-admin/lib/index.js"} {"metadata":{"emulator":{"name":"functions"},"message":"[runtime-status] [21637] Resolved module firebase-admin {\"declared\":true,\"installed\":true,\"version\":\"9.5.0\",\"resolution\":\"/home/tom/Programming/Amazon_clone/functions/node_modules/firebase-admin/lib/index.js\"}"}}
[debug] [2021-03-04T22:16:44.162Z] [runtime-status] [21637] Resolved module firebase-functions {"declared":true,"installed":true,"version":"3.13.2","resolution":"/home/tom/Programming/Amazon_clone/functions/node_modules/firebase-functions/lib/index.js"} {"metadata":{"emulator":{"name":"functions"},"message":"[runtime-status] [21637] Resolved module firebase-functions {\"declared\":true,\"installed\":true,\"version\":\"3.13.2\",\"resolution\":\"/home/tom/Programming/Amazon_clone/functions/node_modules/firebase-functions/lib/index.js\"}"}}
[debug] [2021-03-04T22:16:44.164Z] [runtime-status] [21637] Resolved module firebase-functions {"declared":true,"installed":true,"version":"3.13.2","resolution":"/home/tom/Programming/Amazon_clone/functions/node_modules/firebase-functions/lib/index.js"} {"metadata":{"emulator":{"name":"functions"},"message":"[runtime-status] [21637] Resolved module firebase-functions {\"declared\":true,\"installed\":true,\"version\":\"3.13.2\",\"resolution\":\"/home/tom/Programming/Amazon_clone/functions/node_modules/firebase-functions/lib/index.js\"}"}}
[debug] [2021-03-04T22:16:44.170Z] [runtime-status] [21637] Outgoing network have been stubbed. [{"name":"http","status":"mocked"},{"name":"http","status":"mocked"},{"name":"https","status":"mocked"},{"name":"https","status":"mocked"},{"name":"net","status":"mocked"}] {"metadata":{"emulator":{"name":"functions"},"message":"[runtime-status] [21637] Outgoing network have been stubbed. [{\"name\":\"http\",\"status\":\"mocked\"},{\"name\":\"http\",\"status\":\"mocked\"},{\"name\":\"https\",\"status\":\"mocked\"},{\"name\":\"https\",\"status\":\"mocked\"},{\"name\":\"net\",\"status\":\"mocked\"}]"}}
[debug] [2021-03-04T22:16:44.172Z] [runtime-status] [21637] Resolved module firebase-functions {"declared":true,"installed":true,"version":"3.13.2","resolution":"/home/tom/Programming/Amazon_clone/functions/node_modules/firebase-functions/lib/index.js"} {"metadata":{"emulator":{"name":"functions"},"message":"[runtime-status] [21637] Resolved module firebase-functions {\"declared\":true,\"installed\":true,\"version\":\"3.13.2\",\"resolution\":\"/home/tom/Programming/Amazon_clone/functions/node_modules/firebase-functions/lib/index.js\"}"}}
[debug] [2021-03-04T22:16:44.217Z] [runtime-status] [21637] Checked functions.config() {"config":{}} {"metadata":{"emulator":{"name":"functions"},"message":"[runtime-status] [21637] Checked functions.config() {\"config\":{}}"}}
[debug] [2021-03-04T22:16:44.217Z] [runtime-status] [21637] firebase-functions has been stubbed. {"functionsResolution":{"declared":true,"installed":true,"version":"3.13.2","resolution":"/home/tom/Programming/Amazon_clone/functions/node_modules/firebase-functions/lib/index.js"}} {"metadata":{"emulator":{"name":"functions"},"message":"[runtime-status] [21637] firebase-functions has been stubbed. {\"functionsResolution\":{\"declared\":true,\"installed\":true,\"version\":\"3.13.2\",\"resolution\":\"/home/tom/Programming/Amazon_clone/functions/node_modules/firebase-functions/lib/index.js\"}}"}}
[debug] [2021-03-04T22:16:44.218Z] [runtime-status] [21637] Resolved module firebase-functions {"declared":true,"installed":true,"version":"3.13.2","resolution":"/home/tom/Programming/Amazon_clone/functions/node_modules/firebase-functions/lib/index.js"} {"metadata":{"emulator":{"name":"functions"},"message":"[runtime-status] [21637] Resolved module firebase-functions {\"declared\":true,\"installed\":true,\"version\":\"3.13.2\",\"resolution\":\"/home/tom/Programming/Amazon_clone/functions/node_modules/firebase-functions/lib/index.js\"}"}}
[debug] [2021-03-04T22:16:44.220Z] [runtime-status] [21637] Resolved module firebase-admin {"declared":true,"installed":true,"version":"9.5.0","resolution":"/home/tom/Programming/Amazon_clone/functions/node_modules/firebase-admin/lib/index.js"} {"metadata":{"emulator":{"name":"functions"},"message":"[runtime-status] [21637] Resolved module firebase-admin {\"declared\":true,\"installed\":true,\"version\":\"9.5.0\",\"resolution\":\"/home/tom/Programming/Amazon_clone/functions/node_modules/firebase-admin/lib/index.js\"}"}}
[debug] [2021-03-04T22:16:44.220Z] [runtime-status] [21637] Resolved module firebase-functions {"declared":true,"installed":true,"version":"3.13.2","resolution":"/home/tom/Programming/Amazon_clone/functions/node_modules/firebase-functions/lib/index.js"} {"metadata":{"emulator":{"name":"functions"},"message":"[runtime-status] [21637] Resolved module firebase-functions {\"declared\":true,\"installed\":true,\"version\":\"3.13.2\",\"resolution\":\"/home/tom/Programming/Amazon_clone/functions/node_modules/firebase-functions/lib/index.js\"}"}}
[debug] [2021-03-04T22:16:44.221Z] [runtime-status] [21637] firebase-admin has been stubbed. {"adminResolution":{"declared":true,"installed":true,"version":"9.5.0","resolution":"/home/tom/Programming/Amazon_clone/functions/node_modules/firebase-admin/lib/index.js"}} {"metadata":{"emulator":{"name":"functions"},"message":"[runtime-status] [21637] firebase-admin has been stubbed. {\"adminResolution\":{\"declared\":true,\"installed\":true,\"version\":\"9.5.0\",\"resolution\":\"/home/tom/Programming/Amazon_clone/functions/node_modules/firebase-admin/lib/index.js\"}}"}}
[info] ✔  functions[api]: http function initialized (http://localhost:5001/challenge-77580/us-central1/api). {"metadata":{"emulator":{"name":"functions"},"message":"\u001b[1mhttp\u001b[22m function initialized (http://localhost:5001/challenge-77580/us-central1/api)."}}
[info] 
┌─────────────────────────────────────────────────────────────┐
│ ✔  All emulators ready! It is now safe to connect your app. │
│ i  View Emulator UI at http://localhost:4000                │
└─────────────────────────────────────────────────────────────┘

┌───────────┬────────────────┬─────────────────────────────────┐
│ Emulator  │ Host:Port      │ View in Emulator UI             │
├───────────┼────────────────┼─────────────────────────────────┤
│ Functions │ localhost:5001 │ http://localhost:4000/functions │
├───────────┼────────────────┼─────────────────────────────────┤
│ Hosting   │ localhost:5000 │ n/a                             │
└───────────┴────────────────┴─────────────────────────────────┘
  Emulator Hub running at localhost:4400
  Other reserved ports: 4500

Issues? Report them at https://github.com/firebase/firebase-tools/issues and attach the *-debug.log files.
 
[debug] [2021-03-04T22:16:44.327Z] [worker-~diagnostic~-c444b1b0-b52d-4877-afa0-a7a316ef2c58]: IDLE {"metadata":{"emulator":{"name":"functions"},"message":"[worker-~diagnostic~-c444b1b0-b52d-4877-afa0-a7a316ef2c58]: IDLE"}}
[debug] [2021-03-04T22:17:59.731Z] [work-queue] {"queueLength":1,"workRunningCount":0}
[debug] [2021-03-04T22:17:59.732Z] [work-queue] {"queueLength":0,"workRunningCount":1}
[debug] [2021-03-04T22:17:59.733Z] Accepted request GET /challenge-77580/us-central1/api --> api
[debug] [2021-03-04T22:17:59.743Z] [worker-pool] addWorker(api) {"metadata":{"emulator":{"name":"functions"},"message":"[worker-pool] addWorker(api)"}}
[debug] [2021-03-04T22:17:59.744Z] [worker-pool] Adding worker with key api, total=1 {"metadata":{"emulator":{"name":"functions"},"message":"[worker-pool] Adding worker with key api, total=1"}}
[debug] [2021-03-04T22:17:59.744Z] [worker-pool] submitWork(triggerId=api) {"metadata":{"emulator":{"name":"functions"},"message":"[worker-pool] submitWork(triggerId=api)"}}
[debug] [2021-03-04T22:17:59.744Z] [worker-api-48c0f3ed-4d85-4dfe-a57e-61a5e111acf5]: Assigning socketPath: /tmp/fire_emu_21717.sock {"metadata":{"emulator":{"name":"functions"},"message":"[worker-api-48c0f3ed-4d85-4dfe-a57e-61a5e111acf5]: Assigning socketPath: /tmp/fire_emu_21717.sock"}}
[debug] [2021-03-04T22:17:59.744Z] [worker-api-48c0f3ed-4d85-4dfe-a57e-61a5e111acf5]: BUSY {"metadata":{"emulator":{"name":"functions"},"message":"[worker-api-48c0f3ed-4d85-4dfe-a57e-61a5e111acf5]: BUSY"}}
[debug] [2021-03-04T22:18:00.388Z] [runtime-status] [21717] Functions runtime initialized. {"cwd":"/home/tom/Programming/Amazon_clone/functions","node_version":"10.19.0"} {"metadata":{"emulator":{"name":"functions"},"function":{"name":"api"},"message":"[runtime-status] [21717] Functions runtime initialized. {\"cwd\":\"/home/tom/Programming/Amazon_clone/functions\",\"node_version\":\"10.19.0\"}"}}
[debug] [2021-03-04T22:18:00.391Z] [runtime-status] [21717] Disabled runtime features: undefined {"metadata":{"emulator":{"name":"functions"},"function":{"name":"api"},"message":"[runtime-status] [21717] Disabled runtime features: undefined"}}
[debug] [2021-03-04T22:18:00.395Z] [runtime-status] [21717] Resolved module firebase-admin {"declared":true,"installed":true,"version":"9.5.0","resolution":"/home/tom/Programming/Amazon_clone/functions/node_modules/firebase-admin/lib/index.js"} {"metadata":{"emulator":{"name":"functions"},"function":{"name":"api"},"message":"[runtime-status] [21717] Resolved module firebase-admin {\"declared\":true,\"installed\":true,\"version\":\"9.5.0\",\"resolution\":\"/home/tom/Programming/Amazon_clone/functions/node_modules/firebase-admin/lib/index.js\"}"}}
[debug] [2021-03-04T22:18:00.397Z] [runtime-status] [21717] Resolved module firebase-functions {"declared":true,"installed":true,"version":"3.13.2","resolution":"/home/tom/Programming/Amazon_clone/functions/node_modules/firebase-functions/lib/index.js"} {"metadata":{"emulator":{"name":"functions"},"function":{"name":"api"},"message":"[runtime-status] [21717] Resolved module firebase-functions {\"declared\":true,\"installed\":true,\"version\":\"3.13.2\",\"resolution\":\"/home/tom/Programming/Amazon_clone/functions/node_modules/firebase-functions/lib/index.js\"}"}}
[debug] [2021-03-04T22:18:00.399Z] [runtime-status] [21717] Resolved module firebase-functions {"declared":true,"installed":true,"version":"3.13.2","resolution":"/home/tom/Programming/Amazon_clone/functions/node_modules/firebase-functions/lib/index.js"} {"metadata":{"emulator":{"name":"functions"},"function":{"name":"api"},"message":"[runtime-status] [21717] Resolved module firebase-functions {\"declared\":true,\"installed\":true,\"version\":\"3.13.2\",\"resolution\":\"/home/tom/Programming/Amazon_clone/functions/node_modules/firebase-functions/lib/index.js\"}"}}
[debug] [2021-03-04T22:18:00.406Z] [runtime-status] [21717] Outgoing network have been stubbed. [{"name":"http","status":"mocked"},{"name":"http","status":"mocked"},{"name":"https","status":"mocked"},{"name":"https","status":"mocked"},{"name":"net","status":"mocked"}] {"metadata":{"emulator":{"name":"functions"},"function":{"name":"api"},"message":"[runtime-status] [21717] Outgoing network have been stubbed. [{\"name\":\"http\",\"status\":\"mocked\"},{\"name\":\"http\",\"status\":\"mocked\"},{\"name\":\"https\",\"status\":\"mocked\"},{\"name\":\"https\",\"status\":\"mocked\"},{\"name\":\"net\",\"status\":\"mocked\"}]"}}
[debug] [2021-03-04T22:18:00.408Z] [runtime-status] [21717] Resolved module firebase-functions {"declared":true,"installed":true,"version":"3.13.2","resolution":"/home/tom/Programming/Amazon_clone/functions/node_modules/firebase-functions/lib/index.js"} {"metadata":{"emulator":{"name":"functions"},"function":{"name":"api"},"message":"[runtime-status] [21717] Resolved module firebase-functions {\"declared\":true,\"installed\":true,\"version\":\"3.13.2\",\"resolution\":\"/home/tom/Programming/Amazon_clone/functions/node_modules/firebase-functions/lib/index.js\"}"}}
[debug] [2021-03-04T22:18:00.455Z] [runtime-status] [21717] Checked functions.config() {"config":{}} {"metadata":{"emulator":{"name":"functions"},"function":{"name":"api"},"message":"[runtime-status] [21717] Checked functions.config() {\"config\":{}}"}}
[debug] [2021-03-04T22:18:00.455Z] [runtime-status] [21717] firebase-functions has been stubbed. {"functionsResolution":{"declared":true,"installed":true,"version":"3.13.2","resolution":"/home/tom/Programming/Amazon_clone/functions/node_modules/firebase-functions/lib/index.js"}} {"metadata":{"emulator":{"name":"functions"},"function":{"name":"api"},"message":"[runtime-status] [21717] firebase-functions has been stubbed. {\"functionsResolution\":{\"declared\":true,\"installed\":true,\"version\":\"3.13.2\",\"resolution\":\"/home/tom/Programming/Amazon_clone/functions/node_modules/firebase-functions/lib/index.js\"}}"}}
[debug] [2021-03-04T22:18:00.456Z] [runtime-status] [21717] Resolved module firebase-functions {"declared":true,"installed":true,"version":"3.13.2","resolution":"/home/tom/Programming/Amazon_clone/functions/node_modules/firebase-functions/lib/index.js"} {"metadata":{"emulator":{"name":"functions"},"function":{"name":"api"},"message":"[runtime-status] [21717] Resolved module firebase-functions {\"declared\":true,\"installed\":true,\"version\":\"3.13.2\",\"resolution\":\"/home/tom/Programming/Amazon_clone/functions/node_modules/firebase-functions/lib/index.js\"}"}}
[debug] [2021-03-04T22:18:00.458Z] [runtime-status] [21717] Resolved module firebase-admin {"declared":true,"installed":true,"version":"9.5.0","resolution":"/home/tom/Programming/Amazon_clone/functions/node_modules/firebase-admin/lib/index.js"} {"metadata":{"emulator":{"name":"functions"},"function":{"name":"api"},"message":"[runtime-status] [21717] Resolved module firebase-admin {\"declared\":true,\"installed\":true,\"version\":\"9.5.0\",\"resolution\":\"/home/tom/Programming/Amazon_clone/functions/node_modules/firebase-admin/lib/index.js\"}"}}
[debug] [2021-03-04T22:18:00.458Z] [runtime-status] [21717] Resolved module firebase-functions {"declared":true,"installed":true,"version":"3.13.2","resolution":"/home/tom/Programming/Amazon_clone/functions/node_modules/firebase-functions/lib/index.js"} {"metadata":{"emulator":{"name":"functions"},"function":{"name":"api"},"message":"[runtime-status] [21717] Resolved module firebase-functions {\"declared\":true,\"installed\":true,\"version\":\"3.13.2\",\"resolution\":\"/home/tom/Programming/Amazon_clone/functions/node_modules/firebase-functions/lib/index.js\"}"}}
[debug] [2021-03-04T22:18:00.459Z] [runtime-status] [21717] firebase-admin has been stubbed. {"adminResolution":{"declared":true,"installed":true,"version":"9.5.0","resolution":"/home/tom/Programming/Amazon_clone/functions/node_modules/firebase-admin/lib/index.js"}} {"metadata":{"emulator":{"name":"functions"},"function":{"name":"api"},"message":"[runtime-status] [21717] firebase-admin has been stubbed. {\"adminResolution\":{\"declared\":true,\"installed\":true,\"version\":\"9.5.0\",\"resolution\":\"/home/tom/Programming/Amazon_clone/functions/node_modules/firebase-admin/lib/index.js\"}}"}}
[debug] [2021-03-04T22:18:00.576Z] [runtime-status] [21717] Trigger "api" has been found, beginning invocation! {"metadata":{"emulator":{"name":"functions"},"function":{"name":"api"},"message":"[runtime-status] [21717] Trigger \"api\" has been found, beginning invocation!"}}
[info] i  functions: Beginning execution of "api" {"metadata":{"emulator":{"name":"functions"},"function":{"name":"api"},"message":"Beginning execution of \"api\""}}
[debug] [2021-03-04T22:18:00.578Z] [runtime-status] [21717] triggerDefinition {"httpsTrigger":{},"name":"api","entryPoint":"api"} {"metadata":{"emulator":{"name":"functions"},"function":{"name":"api"},"message":"[runtime-status] [21717] triggerDefinition {\"httpsTrigger\":{},\"name\":\"api\",\"entryPoint\":\"api\"}"}}
[debug] [2021-03-04T22:18:00.578Z] [runtime-status] [21717] Running api in mode HTTPS {"metadata":{"emulator":{"name":"functions"},"function":{"name":"api"},"message":"[runtime-status] [21717] Running api in mode HTTPS"}}
[debug] [2021-03-04T22:18:00.587Z] [runtime-status] [21717] Attempting to listen to socketPath: /tmp/fire_emu_21717.sock {"metadata":{"emulator":{"name":"functions"},"function":{"name":"api"},"message":"[runtime-status] [21717] Attempting to listen to socketPath: /tmp/fire_emu_21717.sock"}}
[debug] [2021-03-04T22:18:00.596Z] [functions] Runtime ready! Sending request! {"metadata":{"emulator":{"name":"functions"},"message":"[functions] Runtime ready! Sending request!"}}
[debug] [2021-03-04T22:18:00.600Z] [functions] Got req.url=/challenge-77580/us-central1/api, mapping to path=/ {"metadata":{"emulator":{"name":"functions"},"message":"[functions] Got req.url=/challenge-77580/us-central1/api, mapping to path=/"}}
[debug] [2021-03-04T22:18:00.616Z] [runtime-status] [21717] Ephemeral server handling GET request {"metadata":{"emulator":{"name":"functions"},"function":{"name":"api"},"message":"[runtime-status] [21717] Ephemeral server handling GET request"}}
[debug] [2021-03-04T22:18:00.636Z] [runtime-status] [21717] Ephemeral server survived. {"metadata":{"emulator":{"name":"functions"},"function":{"name":"api"},"message":"[runtime-status] [21717] Ephemeral server survived."}}
[info] i  functions: Finished "api" in ~1s {"metadata":{"emulator":{"name":"functions"},"function":{"name":"api"},"message":"Finished \"api\" in ~1s"}}
[debug] [2021-03-04T22:18:00.647Z] [worker-api-48c0f3ed-4d85-4dfe-a57e-61a5e111acf5]: IDLE {"metadata":{"emulator":{"name":"functions"},"message":"[worker-api-48c0f3ed-4d85-4dfe-a57e-61a5e111acf5]: IDLE"}}
[debug] [2021-03-04T22:18:00.648Z] [work-queue] {"queueLength":0,"workRunningCount":0}
[debug] [2021-03-04T22:21:50.787Z] [work-queue] {"queueLength":1,"workRunningCount":0}
[debug] [2021-03-04T22:21:50.787Z] [work-queue] {"queueLength":0,"workRunningCount":1}
[debug] [2021-03-04T22:21:50.787Z] Accepted request GET /challenge-77580/us-central1/api --> api
[debug] [2021-03-04T22:21:50.788Z] [worker-pool] submitWork(triggerId=api) {"metadata":{"emulator":{"name":"functions"},"message":"[worker-pool] submitWork(triggerId=api)"}}
[debug] [2021-03-04T22:21:50.788Z] [worker-api-48c0f3ed-4d85-4dfe-a57e-61a5e111acf5]: Assigning socketPath: /tmp/fire_emu_21717.sock {"metadata":{"emulator":{"name":"functions"},"message":"[worker-api-48c0f3ed-4d85-4dfe-a57e-61a5e111acf5]: Assigning socketPath: /tmp/fire_emu_21717.sock"}}
[debug] [2021-03-04T22:21:50.788Z] [worker-api-48c0f3ed-4d85-4dfe-a57e-61a5e111acf5]: BUSY {"metadata":{"emulator":{"name":"functions"},"message":"[worker-api-48c0f3ed-4d85-4dfe-a57e-61a5e111acf5]: BUSY"}}
[debug] [2021-03-04T22:21:50.792Z] [runtime-status] [21717] Trigger "api" has been found, beginning invocation! {"metadata":{"emulator":{"name":"functions"},"function":{"name":"api"},"message":"[runtime-status] [21717] Trigger \"api\" has been found, beginning invocation!"}}
[info] i  functions: Beginning execution of "api" {"metadata":{"emulator":{"name":"functions"},"function":{"name":"api"},"message":"Beginning execution of \"api\""}}
[debug] [2021-03-04T22:21:50.793Z] [runtime-status] [21717] triggerDefinition {"httpsTrigger":{},"name":"api","entryPoint":"api"} {"metadata":{"emulator":{"name":"functions"},"function":{"name":"api"},"message":"[runtime-status] [21717] triggerDefinition {\"httpsTrigger\":{},\"name\":\"api\",\"entryPoint\":\"api\"}"}}
[debug] [2021-03-04T22:21:50.793Z] [runtime-status] [21717] Running api in mode HTTPS {"metadata":{"emulator":{"name":"functions"},"function":{"name":"api"},"message":"[runtime-status] [21717] Running api in mode HTTPS"}}
[debug] [2021-03-04T22:21:50.795Z] [runtime-status] [21717] Attempting to listen to socketPath: /tmp/fire_emu_21717.sock {"metadata":{"emulator":{"name":"functions"},"function":{"name":"api"},"message":"[runtime-status] [21717] Attempting to listen to socketPath: /tmp/fire_emu_21717.sock"}}
[debug] [2021-03-04T22:21:50.797Z] [functions] Runtime ready! Sending request! {"metadata":{"emulator":{"name":"functions"},"message":"[functions] Runtime ready! Sending request!"}}
[debug] [2021-03-04T22:21:50.797Z] [functions] Got req.url=/challenge-77580/us-central1/api, mapping to path=/ {"metadata":{"emulator":{"name":"functions"},"message":"[functions] Got req.url=/challenge-77580/us-central1/api, mapping to path=/"}}
[debug] [2021-03-04T22:21:50.808Z] [runtime-status] [21717] Ephemeral server handling GET request {"metadata":{"emulator":{"name":"functions"},"function":{"name":"api"},"message":"[runtime-status] [21717] Ephemeral server handling GET request"}}
[debug] [2021-03-04T22:21:50.808Z] [runtime-status] [21717] Ephemeral server survived. {"metadata":{"emulator":{"name":"functions"},"function":{"name":"api"},"message":"[runtime-status] [21717] Ephemeral server survived."}}
[info] i  functions: Finished "api" in ~1s {"metadata":{"emulator":{"name":"functions"},"function":{"name":"api"},"message":"Finished \"api\" in ~1s"}}
[debug] [2021-03-04T22:21:50.813Z] [worker-api-48c0f3ed-4d85-4dfe-a57e-61a5e111acf5]: IDLE {"metadata":{"emulator":{"name":"functions"},"message":"[worker-api-48c0f3ed-4d85-4dfe-a57e-61a5e111acf5]: IDLE"}}
[debug] [2021-03-04T22:21:50.814Z] [work-queue] {"queueLength":0,"workRunningCount":0}
[debug] [2021-03-04T22:27:18.828Z] [work-queue] {"queueLength":1,"workRunningCount":0}
[debug] [2021-03-04T22:27:18.828Z] [work-queue] {"queueLength":0,"workRunningCount":1}
[debug] [2021-03-04T22:27:18.828Z] Accepted request GET /challenge-77580/us-central1/api/payments/create?total=2900 --> api
[debug] [2021-03-04T22:27:18.828Z] [worker-pool] submitWork(triggerId=api) {"metadata":{"emulator":{"name":"functions"},"message":"[worker-pool] submitWork(triggerId=api)"}}
[debug] [2021-03-04T22:27:18.829Z] [worker-api-48c0f3ed-4d85-4dfe-a57e-61a5e111acf5]: Assigning socketPath: /tmp/fire_emu_21717.sock {"metadata":{"emulator":{"name":"functions"},"message":"[worker-api-48c0f3ed-4d85-4dfe-a57e-61a5e111acf5]: Assigning socketPath: /tmp/fire_emu_21717.sock"}}
[debug] [2021-03-04T22:27:18.829Z] [worker-api-48c0f3ed-4d85-4dfe-a57e-61a5e111acf5]: BUSY {"metadata":{"emulator":{"name":"functions"},"message":"[worker-api-48c0f3ed-4d85-4dfe-a57e-61a5e111acf5]: BUSY"}}
[debug] [2021-03-04T22:27:18.834Z] [runtime-status] [21717] Trigger "api" has been found, beginning invocation! {"metadata":{"emulator":{"name":"functions"},"function":{"name":"api"},"message":"[runtime-status] [21717] Trigger \"api\" has been found, beginning invocation!"}}
[info] i  functions: Beginning execution of "api" {"metadata":{"emulator":{"name":"functions"},"function":{"name":"api"},"message":"Beginning execution of \"api\""}}
[debug] [2021-03-04T22:27:18.835Z] [runtime-status] [21717] triggerDefinition {"httpsTrigger":{},"name":"api","entryPoint":"api"} {"metadata":{"emulator":{"name":"functions"},"function":{"name":"api"},"message":"[runtime-status] [21717] triggerDefinition {\"httpsTrigger\":{},\"name\":\"api\",\"entryPoint\":\"api\"}"}}
[debug] [2021-03-04T22:27:18.835Z] [runtime-status] [21717] Running api in mode HTTPS {"metadata":{"emulator":{"name":"functions"},"function":{"name":"api"},"message":"[runtime-status] [21717] Running api in mode HTTPS"}}
[debug] [2021-03-04T22:27:18.835Z] [runtime-status] [21717] Attempting to listen to socketPath: /tmp/fire_emu_21717.sock {"metadata":{"emulator":{"name":"functions"},"function":{"name":"api"},"message":"[runtime-status] [21717] Attempting to listen to socketPath: /tmp/fire_emu_21717.sock"}}
[debug] [2021-03-04T22:27:18.837Z] [functions] Runtime ready! Sending request! {"metadata":{"emulator":{"name":"functions"},"message":"[functions] Runtime ready! Sending request!"}}
[debug] [2021-03-04T22:27:18.837Z] [functions] Got req.url=/challenge-77580/us-central1/api/payments/create?total=2900, mapping to path=/payments/create?total=2900 {"metadata":{"emulator":{"name":"functions"},"message":"[functions] Got req.url=/challenge-77580/us-central1/api/payments/create?total=2900, mapping to path=/payments/create?total=2900"}}
[debug] [2021-03-04T22:27:18.846Z] [runtime-status] [21717] Ephemeral server handling GET request {"metadata":{"emulator":{"name":"functions"},"function":{"name":"api"},"message":"[runtime-status] [21717] Ephemeral server handling GET request"}}
[debug] [2021-03-04T22:27:18.850Z] [runtime-status] [21717] Ephemeral server survived. {"metadata":{"emulator":{"name":"functions"},"function":{"name":"api"},"message":"[runtime-status] [21717] Ephemeral server survived."}}
[info] i  functions: Finished "api" in ~1s {"metadata":{"emulator":{"name":"functions"},"function":{"name":"api"},"message":"Finished \"api\" in ~1s"}}
[debug] [2021-03-04T22:27:18.851Z] [worker-api-48c0f3ed-4d85-4dfe-a57e-61a5e111acf5]: IDLE {"metadata":{"emulator":{"name":"functions"},"message":"[worker-api-48c0f3ed-4d85-4dfe-a57e-61a5e111acf5]: IDLE"}}
[debug] [2021-03-04T22:27:18.852Z] [work-queue] {"queueLength":0,"workRunningCount":0}
[debug] [2021-03-04T22:37:19.926Z] [work-queue] {"queueLength":1,"workRunningCount":0}
[debug] [2021-03-04T22:37:19.927Z] [work-queue] {"queueLength":0,"workRunningCount":1}
[debug] [2021-03-04T22:37:19.927Z] Accepted request POST /challenge-77580/us-central1/api/payments/create?total=43899 --> api
[debug] [2021-03-04T22:37:19.927Z] [worker-pool] submitWork(triggerId=api) {"metadata":{"emulator":{"name":"functions"},"message":"[worker-pool] submitWork(triggerId=api)"}}
[debug] [2021-03-04T22:37:19.927Z] [worker-api-48c0f3ed-4d85-4dfe-a57e-61a5e111acf5]: Assigning socketPath: /tmp/fire_emu_21717.sock {"metadata":{"emulator":{"name":"functions"},"message":"[worker-api-48c0f3ed-4d85-4dfe-a57e-61a5e111acf5]: Assigning socketPath: /tmp/fire_emu_21717.sock"}}
[debug] [2021-03-04T22:37:19.927Z] [worker-api-48c0f3ed-4d85-4dfe-a57e-61a5e111acf5]: BUSY {"metadata":{"emulator":{"name":"functions"},"message":"[worker-api-48c0f3ed-4d85-4dfe-a57e-61a5e111acf5]: BUSY"}}
[debug] [2021-03-04T22:37:19.932Z] [runtime-status] [21717] Trigger "api" has been found, beginning invocation! {"metadata":{"emulator":{"name":"functions"},"function":{"name":"api"},"message":"[runtime-status] [21717] Trigger \"api\" has been found, beginning invocation!"}}
[info] i  functions: Beginning execution of "api" {"metadata":{"emulator":{"name":"functions"},"function":{"name":"api"},"message":"Beginning execution of \"api\""}}
[debug] [2021-03-04T22:37:19.933Z] [runtime-status] [21717] triggerDefinition {"httpsTrigger":{},"name":"api","entryPoint":"api"} {"metadata":{"emulator":{"name":"functions"},"function":{"name":"api"},"message":"[runtime-status] [21717] triggerDefinition {\"httpsTrigger\":{},\"name\":\"api\",\"entryPoint\":\"api\"}"}}
[debug] [2021-03-04T22:37:19.933Z] [runtime-status] [21717] Running api in mode HTTPS {"metadata":{"emulator":{"name":"functions"},"function":{"name":"api"},"message":"[runtime-status] [21717] Running api in mode HTTPS"}}
[debug] [2021-03-04T22:37:19.934Z] [runtime-status] [21717] Attempting to listen to socketPath: /tmp/fire_emu_21717.sock {"metadata":{"emulator":{"name":"functions"},"function":{"name":"api"},"message":"[runtime-status] [21717] Attempting to listen to socketPath: /tmp/fire_emu_21717.sock"}}
[debug] [2021-03-04T22:37:19.936Z] [functions] Runtime ready! Sending request! {"metadata":{"emulator":{"name":"functions"},"message":"[functions] Runtime ready! Sending request!"}}
[debug] [2021-03-04T22:37:19.937Z] [functions] Got req.url=/challenge-77580/us-central1/api/payments/create?total=43899, mapping to path=/payments/create?total=43899 {"metadata":{"emulator":{"name":"functions"},"message":"[functions] Got req.url=/challenge-77580/us-central1/api/payments/create?total=43899, mapping to path=/payments/create?total=43899"}}
[debug] [2021-03-04T22:37:19.949Z] [runtime-status] [21717] Ephemeral server handling POST request {"metadata":{"emulator":{"name":"functions"},"function":{"name":"api"},"message":"[runtime-status] [21717] Ephemeral server handling POST request"}}
[info] >  Payment Request Recieved BOOM!!! for this amount >>>  43899 {"user":"Payment Request Recieved BOOM!!! for this amount >>>  43899","metadata":{"emulator":{"name":"functions"},"function":{"name":"api"},"message":"\u001b[90m> \u001b[39m Payment Request Recieved BOOM!!! for this amount >>>  43899"}}
[debug] [2021-03-04T22:37:19.959Z] [runtime-status] [21717] Ephemeral server survived. {"metadata":{"emulator":{"name":"functions"},"function":{"name":"api"},"message":"[runtime-status] [21717] Ephemeral server survived."}}
[info] i  functions: Finished "api" in ~4s {"metadata":{"emulator":{"name":"functions"},"function":{"name":"api"},"message":"Finished \"api\" in ~4s"}}
[debug] [2021-03-04T22:37:24.586Z] [worker-api-48c0f3ed-4d85-4dfe-a57e-61a5e111acf5]: IDLE {"metadata":{"emulator":{"name":"functions"},"message":"[worker-api-48c0f3ed-4d85-4dfe-a57e-61a5e111acf5]: IDLE"}}
[debug] [2021-03-04T22:37:24.586Z] [work-queue] {"queueLength":0,"workRunningCount":0}
[debug] [2021-03-04T22:37:34.977Z] [work-queue] {"queueLength":1,"workRunningCount":0}
[debug] [2021-03-04T22:37:34.980Z] [work-queue] {"queueLength":0,"workRunningCount":1}
[debug] [2021-03-04T22:37:34.980Z] Accepted request POST /challenge-77580/us-central1/api/payments/create?total=23900 --> api
[debug] [2021-03-04T22:37:34.980Z] [worker-pool] submitWork(triggerId=api) {"metadata":{"emulator":{"name":"functions"},"message":"[worker-pool] submitWork(triggerId=api)"}}
[debug] [2021-03-04T22:37:34.980Z] [worker-api-48c0f3ed-4d85-4dfe-a57e-61a5e111acf5]: Assigning socketPath: /tmp/fire_emu_21717.sock {"metadata":{"emulator":{"name":"functions"},"message":"[worker-api-48c0f3ed-4d85-4dfe-a57e-61a5e111acf5]: Assigning socketPath: /tmp/fire_emu_21717.sock"}}
[debug] [2021-03-04T22:37:34.981Z] [worker-api-48c0f3ed-4d85-4dfe-a57e-61a5e111acf5]: BUSY {"metadata":{"emulator":{"name":"functions"},"message":"[worker-api-48c0f3ed-4d85-4dfe-a57e-61a5e111acf5]: BUSY"}}
[debug] [2021-03-04T22:37:34.983Z] [runtime-status] [21717] Trigger "api" has been found, beginning invocation! {"metadata":{"emulator":{"name":"functions"},"function":{"name":"api"},"message":"[runtime-status] [21717] Trigger \"api\" has been found, beginning invocation!"}}
[info] i  functions: Beginning execution of "api" {"metadata":{"emulator":{"name":"functions"},"function":{"name":"api"},"message":"Beginning execution of \"api\""}}
[debug] [2021-03-04T22:37:34.984Z] [runtime-status] [21717] triggerDefinition {"httpsTrigger":{},"name":"api","entryPoint":"api"} {"metadata":{"emulator":{"name":"functions"},"function":{"name":"api"},"message":"[runtime-status] [21717] triggerDefinition {\"httpsTrigger\":{},\"name\":\"api\",\"entryPoint\":\"api\"}"}}
[debug] [2021-03-04T22:37:34.984Z] [runtime-status] [21717] Running api in mode HTTPS {"metadata":{"emulator":{"name":"functions"},"function":{"name":"api"},"message":"[runtime-status] [21717] Running api in mode HTTPS"}}
[debug] [2021-03-04T22:37:34.985Z] [runtime-status] [21717] Attempting to listen to socketPath: /tmp/fire_emu_21717.sock {"metadata":{"emulator":{"name":"functions"},"function":{"name":"api"},"message":"[runtime-status] [21717] Attempting to listen to socketPath: /tmp/fire_emu_21717.sock"}}
[debug] [2021-03-04T22:37:34.989Z] [functions] Runtime ready! Sending request! {"metadata":{"emulator":{"name":"functions"},"message":"[functions] Runtime ready! Sending request!"}}
[debug] [2021-03-04T22:37:34.989Z] [functions] Got req.url=/challenge-77580/us-central1/api/payments/create?total=23900, mapping to path=/payments/create?total=23900 {"metadata":{"emulator":{"name":"functions"},"message":"[functions] Got req.url=/challenge-77580/us-central1/api/payments/create?total=23900, mapping to path=/payments/create?total=23900"}}
[debug] [2021-03-04T22:37:34.996Z] [runtime-status] [21717] Ephemeral server handling POST request {"metadata":{"emulator":{"name":"functions"},"function":{"name":"api"},"message":"[runtime-status] [21717] Ephemeral server handling POST request"}}
[info] >  Payment Request Recieved BOOM!!! for this amount >>>  23900 {"user":"Payment Request Recieved BOOM!!! for this amount >>>  23900","metadata":{"emulator":{"name":"functions"},"function":{"name":"api"},"message":"\u001b[90m> \u001b[39m Payment Request Recieved BOOM!!! for this amount >>>  23900"}}
[debug] [2021-03-04T22:37:35.000Z] [runtime-status] [21717] Ephemeral server survived. {"metadata":{"emulator":{"name":"functions"},"function":{"name":"api"},"message":"[runtime-status] [21717] Ephemeral server survived."}}
[info] i  functions: Finished "api" in ~1s {"metadata":{"emulator":{"name":"functions"},"function":{"name":"api"},"message":"Finished \"api\" in ~1s"}}
[debug] [2021-03-04T22:37:35.506Z] [worker-api-48c0f3ed-4d85-4dfe-a57e-61a5e111acf5]: IDLE {"metadata":{"emulator":{"name":"functions"},"message":"[worker-api-48c0f3ed-4d85-4dfe-a57e-61a5e111acf5]: IDLE"}}
[debug] [2021-03-04T22:37:35.506Z] [work-queue] {"queueLength":0,"workRunningCount":0}
[debug] [2021-03-04T22:37:50.602Z] [work-queue] {"queueLength":1,"workRunningCount":0}
[debug] [2021-03-04T22:37:50.603Z] [work-queue] {"queueLength":0,"workRunningCount":1}
[debug] [2021-03-04T22:37:50.603Z] Accepted request POST /challenge-77580/us-central1/api/payments/create?total=0 --> api
[debug] [2021-03-04T22:37:50.603Z] [worker-pool] submitWork(triggerId=api) {"metadata":{"emulator":{"name":"functions"},"message":"[worker-pool] submitWork(triggerId=api)"}}
[debug] [2021-03-04T22:37:50.604Z] [worker-api-48c0f3ed-4d85-4dfe-a57e-61a5e111acf5]: Assigning socketPath: /tmp/fire_emu_21717.sock {"metadata":{"emulator":{"name":"functions"},"message":"[worker-api-48c0f3ed-4d85-4dfe-a57e-61a5e111acf5]: Assigning socketPath: /tmp/fire_emu_21717.sock"}}
[debug] [2021-03-04T22:37:50.604Z] [worker-api-48c0f3ed-4d85-4dfe-a57e-61a5e111acf5]: BUSY {"metadata":{"emulator":{"name":"functions"},"message":"[worker-api-48c0f3ed-4d85-4dfe-a57e-61a5e111acf5]: BUSY"}}
[debug] [2021-03-04T22:37:50.607Z] [runtime-status] [21717] Trigger "api" has been found, beginning invocation! {"metadata":{"emulator":{"name":"functions"},"function":{"name":"api"},"message":"[runtime-status] [21717] Trigger \"api\" has been found, beginning invocation!"}}
[info] i  functions: Beginning execution of "api" {"metadata":{"emulator":{"name":"functions"},"function":{"name":"api"},"message":"Beginning execution of \"api\""}}
[debug] [2021-03-04T22:37:50.608Z] [runtime-status] [21717] triggerDefinition {"httpsTrigger":{},"name":"api","entryPoint":"api"} {"metadata":{"emulator":{"name":"functions"},"function":{"name":"api"},"message":"[runtime-status] [21717] triggerDefinition {\"httpsTrigger\":{},\"name\":\"api\",\"entryPoint\":\"api\"}"}}
[debug] [2021-03-04T22:37:50.608Z] [runtime-status] [21717] Running api in mode HTTPS {"metadata":{"emulator":{"name":"functions"},"function":{"name":"api"},"message":"[runtime-status] [21717] Running api in mode HTTPS"}}
[debug] [2021-03-04T22:37:50.608Z] [runtime-status] [21717] Attempting to listen to socketPath: /tmp/fire_emu_21717.sock {"metadata":{"emulator":{"name":"functions"},"function":{"name":"api"},"message":"[runtime-status] [21717] Attempting to listen to socketPath: /tmp/fire_emu_21717.sock"}}
[debug] [2021-03-04T22:37:50.618Z] [functions] Runtime ready! Sending request! {"metadata":{"emulator":{"name":"functions"},"message":"[functions] Runtime ready! Sending request!"}}
[debug] [2021-03-04T22:37:50.618Z] [functions] Got req.url=/challenge-77580/us-central1/api/payments/create?total=0, mapping to path=/payments/create?total=0 {"metadata":{"emulator":{"name":"functions"},"message":"[functions] Got req.url=/challenge-77580/us-central1/api/payments/create?total=0, mapping to path=/payments/create?total=0"}}
[debug] [2021-03-04T22:37:50.631Z] [runtime-status] [21717] Ephemeral server handling POST request {"metadata":{"emulator":{"name":"functions"},"function":{"name":"api"},"message":"[runtime-status] [21717] Ephemeral server handling POST request"}}
[debug] [2021-03-04T22:37:50.631Z] [runtime-status] [21717] Ephemeral server survived. {"metadata":{"emulator":{"name":"functions"},"function":{"name":"api"},"message":"[runtime-status] [21717] Ephemeral server survived."}}
[info] >  Payment Request Recieved BOOM!!! for this amount >>>  0 {"user":"Payment Request Recieved BOOM!!! for this amount >>>  0","metadata":{"emulator":{"name":"functions"},"function":{"name":"api"},"message":"\u001b[90m> \u001b[39m Payment Request Recieved BOOM!!! for this amount >>>  0"}}
[info] >  (node:21717) UnhandledPromiseRejectionWarning: Error: This value must be greater than or equal to 1. {"user":"(node:21717) UnhandledPromiseRejectionWarning: Error: This value must be greater than or equal to 1.","metadata":{"emulator":{"name":"functions"},"function":{"name":"api"},"message":"\u001b[90m> \u001b[39m (node:21717) UnhandledPromiseRejectionWarning: Error: This value must be greater than or equal to 1."}}
[info] >      at Function.generate (/home/tom/Programming/Amazon_clone/functions/node_modules/stripe/lib/Error.js:40:16) {"user":"    at Function.generate (/home/tom/Programming/Amazon_clone/functions/node_modules/stripe/lib/Error.js:40:16)","metadata":{"emulator":{"name":"functions"},"function":{"name":"api"},"message":"\u001b[90m> \u001b[39m     at Function.generate (/home/tom/Programming/Amazon_clone/functions/node_modules/stripe/lib/Error.js:40:16)"}}
[info] >      at IncomingMessage.res.once (/home/tom/Programming/Amazon_clone/functions/node_modules/stripe/lib/StripeResource.js:180:33) {"user":"    at IncomingMessage.res.once (/home/tom/Programming/Amazon_clone/functions/node_modules/stripe/lib/StripeResource.js:180:33)","metadata":{"emulator":{"name":"functions"},"function":{"name":"api"},"message":"\u001b[90m> \u001b[39m     at IncomingMessage.res.once (/home/tom/Programming/Amazon_clone/functions/node_modules/stripe/lib/StripeResource.js:180:33)"}}
[info] >      at Object.onceWrapper (events.js:286:20) {"user":"    at Object.onceWrapper (events.js:286:20)","metadata":{"emulator":{"name":"functions"},"function":{"name":"api"},"message":"\u001b[90m> \u001b[39m     at Object.onceWrapper (events.js:286:20)"}}
[info] >      at IncomingMessage.emit (events.js:203:15) {"user":"    at IncomingMessage.emit (events.js:203:15)","metadata":{"emulator":{"name":"functions"},"function":{"name":"api"},"message":"\u001b[90m> \u001b[39m     at IncomingMessage.emit (events.js:203:15)"}}
[info] >      at endReadableNT (_stream_readable.js:1145:12) {"user":"    at endReadableNT (_stream_readable.js:1145:12)","metadata":{"emulator":{"name":"functions"},"function":{"name":"api"},"message":"\u001b[90m> \u001b[39m     at endReadableNT (_stream_readable.js:1145:12)"}}
[info] >      at process._tickCallback (internal/process/next_tick.js:63:19) {"user":"    at process._tickCallback (internal/process/next_tick.js:63:19)","metadata":{"emulator":{"name":"functions"},"function":{"name":"api"},"message":"\u001b[90m> \u001b[39m     at process._tickCallback (internal/process/next_tick.js:63:19)"}}
[info] >  (node:21717) UnhandledPromiseRejectionWarning: Unhandled promise rejection. This error originated either by throwing inside of an async function without a catch block, or by rejecting a promise which was not handled with .catch(). (rejection id: 1) {"user":"(node:21717) UnhandledPromiseRejectionWarning: Unhandled promise rejection. This error originated either by throwing inside of an async function without a catch block, or by rejecting a promise which was not handled with .catch(). (rejection id: 1)","metadata":{"emulator":{"name":"functions"},"function":{"name":"api"},"message":"\u001b[90m> \u001b[39m (node:21717) UnhandledPromiseRejectionWarning: Unhandled promise rejection. This error originated either by throwing inside of an async function without a catch block, or by rejecting a promise which was not handled with .catch(). (rejection id: 1)"}}
[info] >  (node:21717) [DEP0018] DeprecationWarning: Unhandled promise rejections are deprecated. In the future, promise rejections that are not handled will terminate the Node.js process with a non-zero exit code. {"user":"(node:21717) [DEP0018] DeprecationWarning: Unhandled promise rejections are deprecated. In the future, promise rejections that are not handled will terminate the Node.js process with a non-zero exit code.","metadata":{"emulator":{"name":"functions"},"function":{"name":"api"},"message":"\u001b[90m> \u001b[39m (node:21717) [DEP0018] DeprecationWarning: Unhandled promise rejections are deprecated. In the future, promise rejections that are not handled will terminate the Node.js process with a non-zero exit code."}}
[warn] ⚠  functions: Your function timed out after ~60s. To configure this timeout, see
      https://firebase.google.com/docs/functions/manage-functions#set_timeout_and_memory_allocation. {"metadata":{"emulator":{"name":"functions"},"function":{"name":"api"},"message":"Your function timed out after ~60s. To configure this timeout, see\n      https://firebase.google.com/docs/functions/manage-functions#set_timeout_and_memory_allocation."}}
[info] >  /usr/local/lib/node_modules/firebase-tools/lib/emulator/functionsEmulatorRuntime.js:642 {"user":"/usr/local/lib/node_modules/firebase-tools/lib/emulator/functionsEmulatorRuntime.js:642","metadata":{"emulator":{"name":"functions"},"function":{"name":"api"},"message":"\u001b[90m> \u001b[39m /usr/local/lib/node_modules/firebase-tools/lib/emulator/functionsEmulatorRuntime.js:642"}}
[info] >              throw new Error("Function timed out."); {"user":"            throw new Error(\"Function timed out.\");","metadata":{"emulator":{"name":"functions"},"function":{"name":"api"},"message":"\u001b[90m> \u001b[39m             throw new Error(\"Function timed out.\");"}}
[info] >              ^ {"user":"            ^","metadata":{"emulator":{"name":"functions"},"function":{"name":"api"},"message":"\u001b[90m> \u001b[39m             ^"}}
[info] >   {"user":"","metadata":{"emulator":{"name":"functions"},"function":{"name":"api"},"message":"\u001b[90m> \u001b[39m "}}
[info] >  Error: Function timed out. {"user":"Error: Function timed out.","metadata":{"emulator":{"name":"functions"},"function":{"name":"api"},"message":"\u001b[90m> \u001b[39m Error: Function timed out."}}
[info] >      at Timeout.setTimeout [as _onTimeout] (/usr/local/lib/node_modules/firebase-tools/lib/emulator/functionsEmulatorRuntime.js:642:19) {"user":"    at Timeout.setTimeout [as _onTimeout] (/usr/local/lib/node_modules/firebase-tools/lib/emulator/functionsEmulatorRuntime.js:642:19)","metadata":{"emulator":{"name":"functions"},"function":{"name":"api"},"message":"\u001b[90m> \u001b[39m     at Timeout.setTimeout [as _onTimeout] (/usr/local/lib/node_modules/firebase-tools/lib/emulator/functionsEmulatorRuntime.js:642:19)"}}
[info] >      at ontimeout (timers.js:436:11) {"user":"    at ontimeout (timers.js:436:11)","metadata":{"emulator":{"name":"functions"},"function":{"name":"api"},"message":"\u001b[90m> \u001b[39m     at ontimeout (timers.js:436:11)"}}
[info] >      at tryOnTimeout (timers.js:300:5) {"user":"    at tryOnTimeout (timers.js:300:5)","metadata":{"emulator":{"name":"functions"},"function":{"name":"api"},"message":"\u001b[90m> \u001b[39m     at tryOnTimeout (timers.js:300:5)"}}
[info] >      at listOnTimeout (timers.js:263:5) {"user":"    at listOnTimeout (timers.js:263:5)","metadata":{"emulator":{"name":"functions"},"function":{"name":"api"},"message":"\u001b[90m> \u001b[39m     at listOnTimeout (timers.js:263:5)"}}
[info] >      at Timer.processTimers (timers.js:223:10) {"user":"    at Timer.processTimers (timers.js:223:10)","metadata":{"emulator":{"name":"functions"},"function":{"name":"api"},"message":"\u001b[90m> \u001b[39m     at Timer.processTimers (timers.js:223:10)"}}
[debug] [2021-03-04T22:38:50.623Z] [worker-api-48c0f3ed-4d85-4dfe-a57e-61a5e111acf5]: exited {"metadata":{"emulator":{"name":"functions"},"message":"[worker-api-48c0f3ed-4d85-4dfe-a57e-61a5e111acf5]: exited"}}
[debug] [2021-03-04T22:38:50.623Z] [worker-api-48c0f3ed-4d85-4dfe-a57e-61a5e111acf5]: FINISHED {"metadata":{"emulator":{"name":"functions"},"message":"[worker-api-48c0f3ed-4d85-4dfe-a57e-61a5e111acf5]: FINISHED"}}
[debug] [2021-03-04T22:38:50.623Z] [work-queue] {"queueLength":0,"workRunningCount":0}
